[ 2018-04-09T09:07:17+08:00 ] 127.0.0.1 /index.php?m=Admin
INFO: [ app_init ] --START--
INFO: Run Behavior\BuildLiteBehavior [ RunTime:0.000000s ]
INFO: [ app_init ] --END-- [ RunTime:0.001000s ]
INFO: [ app_begin ] --START--
INFO: Run Behavior\ReadHtmlCacheBehavior [ RunTime:0.001000s ]
INFO: [ app_begin ] --END-- [ RunTime:0.001000s ]
INFO: [ action_begin ] --START--
SQL: SHOW COLUMNS FROM `gms_hooks` [ RunTime:0.0110s ]
SQL: SELECT `name`,`addons` FROM `gms_hooks`  [ RunTime:0.0000s ]
SQL: SHOW COLUMNS FROM `gms_addons` [ RunTime:0.0110s ]
SQL: SELECT `id`,`name` FROM `gms_addons` WHERE `disabled` = 1 AND `name` IN ('SiteStat')  [ RunTime:0.0000s ]
INFO: Run Common\Behavior\InitHookBehavior [ RunTime:0.035000s ]
INFO: [ action_begin ] --END-- [ RunTime:0.036000s ]
INFO: [ view_parse ] --START--
INFO: Run Behavior\ParseTemplateBehavior [ RunTime:0.001000s ]
INFO: [ view_parse ] --END-- [ RunTime:0.001000s ]
INFO: [ view_filter ] --START--
INFO: Run Behavior\WriteHtmlCacheBehavior [ RunTime:0.000000s ]
INFO: [ view_filter ] --END-- [ RunTime:0.000000s ]
INFO: [ app_end ] --START--
INFO: Run Behavior\ShowPageTraceBehavior [ RunTime:0.000000s ]
INFO: [ app_end ] --END-- [ RunTime:0.000000s ]

[ 2018-04-09T09:17:03+08:00 ] 127.0.0.1 /index.php?m=Admin
INFO: [ app_init ] --START--
INFO: Run Behavior\BuildLiteBehavior [ RunTime:0.000000s ]
INFO: [ app_init ] --END-- [ RunTime:0.001000s ]

[ 2018-04-09T09:17:14+08:00 ] 127.0.0.1 /index.php?m=Admin
INFO: [ app_init ] --START--
INFO: Run Behavior\BuildLiteBehavior [ RunTime:0.000000s ]
INFO: [ app_init ] --END-- [ RunTime:0.001000s ]
INFO: [ app_begin ] --START--
INFO: Run Behavior\ReadHtmlCacheBehavior [ RunTime:0.000000s ]
INFO: [ app_begin ] --END-- [ RunTime:0.002000s ]
INFO: [ action_begin ] --START--
SQL: SHOW COLUMNS FROM `gms_hooks` [ RunTime:0.0110s ]
SQL: SELECT `name`,`addons` FROM `gms_hooks`  [ RunTime:0.0000s ]
SQL: SHOW COLUMNS FROM `gms_addons` [ RunTime:0.0100s ]
SQL: SELECT `id`,`name` FROM `gms_addons` WHERE `disabled` = 1 AND `name` IN ('SiteStat')  [ RunTime:0.0010s ]
INFO: Run Common\Behavior\InitHookBehavior [ RunTime:0.036000s ]
INFO: [ action_begin ] --END-- [ RunTime:0.037000s ]
INFO: [ view_parse ] --START--
INFO: Run Behavior\ParseTemplateBehavior [ RunTime:0.001000s ]
INFO: [ view_parse ] --END-- [ RunTime:0.001000s ]
INFO: [ view_filter ] --START--
INFO: Run Behavior\WriteHtmlCacheBehavior [ RunTime:0.001000s ]
INFO: [ view_filter ] --END-- [ RunTime:0.001000s ]
INFO: [ app_end ] --START--
INFO: Run Behavior\ShowPageTraceBehavior [ RunTime:0.001000s ]
INFO: [ app_end ] --END-- [ RunTime:0.001000s ]

[ 2018-04-09T09:18:39+08:00 ] 127.0.0.1 /index.php?m=Admin
INFO: [ app_init ] --START--
INFO: Run Behavior\BuildLiteBehavior [ RunTime:0.000000s ]
INFO: [ app_init ] --END-- [ RunTime:0.001000s ]
INFO: [ app_begin ] --START--
INFO: Run Behavior\ReadHtmlCacheBehavior [ RunTime:0.001000s ]
INFO: [ app_begin ] --END-- [ RunTime:0.001000s ]
INFO: [ action_begin ] --START--
SQL: SHOW COLUMNS FROM `gms_hooks` [ RunTime:0.0080s ]
SQL: SELECT `name`,`addons` FROM `gms_hooks`  [ RunTime:0.0000s ]
SQL: SHOW COLUMNS FROM `gms_addons` [ RunTime:0.0090s ]
SQL: SELECT `id`,`name` FROM `gms_addons` WHERE `disabled` = 1 AND `name` IN ('SiteStat')  [ RunTime:0.0000s ]
INFO: Run Common\Behavior\InitHookBehavior [ RunTime:0.038000s ]
INFO: [ action_begin ] --END-- [ RunTime:0.038000s ]
INFO: [ view_parse ] --START--
INFO: Run Behavior\ParseTemplateBehavior [ RunTime:0.001000s ]
INFO: [ view_parse ] --END-- [ RunTime:0.001000s ]
INFO: [ view_filter ] --START--
INFO: Run Behavior\WriteHtmlCacheBehavior [ RunTime:0.001000s ]
INFO: [ view_filter ] --END-- [ RunTime:0.001000s ]
INFO: [ app_end ] --START--
INFO: Run Behavior\ShowPageTraceBehavior [ RunTime:0.001000s ]
INFO: [ app_end ] --END-- [ RunTime:0.001000s ]

[ 2018-04-09T09:19:15+08:00 ] 127.0.0.1 /index.php?m=Admin
INFO: [ app_init ] --START--
INFO: Run Behavior\BuildLiteBehavior [ RunTime:0.000000s ]
INFO: [ app_init ] --END-- [ RunTime:0.001000s ]
INFO: [ app_begin ] --START--
INFO: Run Behavior\ReadHtmlCacheBehavior [ RunTime:0.000000s ]
INFO: [ app_begin ] --END-- [ RunTime:0.001000s ]
INFO: [ action_begin ] --START--
SQL: SHOW COLUMNS FROM `gms_hooks` [ RunTime:0.0080s ]
SQL: SELECT `name`,`addons` FROM `gms_hooks`  [ RunTime:0.0010s ]
SQL: SHOW COLUMNS FROM `gms_addons` [ RunTime:0.0090s ]
SQL: SELECT `id`,`name` FROM `gms_addons` WHERE `disabled` = 1 AND `name` IN ('SiteStat')  [ RunTime:0.0000s ]
INFO: Run Common\Behavior\InitHookBehavior [ RunTime:0.038000s ]
INFO: [ action_begin ] --END-- [ RunTime:0.038000s ]
INFO: [ view_parse ] --START--
INFO: Run Behavior\ParseTemplateBehavior [ RunTime:0.000000s ]
INFO: [ view_parse ] --END-- [ RunTime:0.000000s ]
INFO: [ view_filter ] --START--
INFO: Run Behavior\WriteHtmlCacheBehavior [ RunTime:0.000000s ]
INFO: [ view_filter ] --END-- [ RunTime:0.000000s ]
INFO: [ app_end ] --START--
INFO: Run Behavior\ShowPageTraceBehavior [ RunTime:0.001000s ]
INFO: [ app_end ] --END-- [ RunTime:0.001000s ]

[ 2018-04-09T10:35:57+08:00 ] 127.0.0.1 /index.php?m=Admin
INFO: [ app_init ] --START--
INFO: Run Behavior\BuildLiteBehavior [ RunTime:0.000000s ]
INFO: [ app_init ] --END-- [ RunTime:0.001000s ]
INFO: [ app_begin ] --START--
INFO: Run Behavior\ReadHtmlCacheBehavior [ RunTime:0.000000s ]
INFO: [ app_begin ] --END-- [ RunTime:0.000000s ]
INFO: [ action_begin ] --START--
SQL: SHOW COLUMNS FROM `gms_hooks` [ RunTime:0.0120s ]
SQL: SELECT `name`,`addons` FROM `gms_hooks`  [ RunTime:0.0010s ]
SQL: SHOW COLUMNS FROM `gms_addons` [ RunTime:0.0120s ]
SQL: SELECT `id`,`name` FROM `gms_addons` WHERE `disabled` = 1 AND `name` IN ('SiteStat')  [ RunTime:0.0000s ]
INFO: Run Common\Behavior\InitHookBehavior [ RunTime:0.040000s ]
INFO: [ action_begin ] --END-- [ RunTime:0.040000s ]
INFO: [ view_parse ] --START--
INFO: Run Behavior\ParseTemplateBehavior [ RunTime:0.001000s ]
INFO: [ view_parse ] --END-- [ RunTime:0.001000s ]
INFO: [ view_filter ] --START--
INFO: Run Behavior\WriteHtmlCacheBehavior [ RunTime:0.001000s ]
INFO: [ view_filter ] --END-- [ RunTime:0.001000s ]
INFO: [ app_end ] --START--
INFO: Run Behavior\ShowPageTraceBehavior [ RunTime:0.001000s ]
INFO: [ app_end ] --END-- [ RunTime:0.001000s ]

